2026-05-24T19:23:52 INFO dataset_loaded samples=569 features=30 train=455 test=114
2026-05-24T19:23:53 INFO experiment=E1_pop_pequena_mutacao_baixa model=logistic_regression generation=0 best_fitness=0.95986 mean_fitness=0.92913 recall_maligno=0.95882 candidates=7
2026-05-24T19:23:53 INFO experiment=E1_pop_pequena_mutacao_baixa model=logistic_regression generation=1 best_fitness=0.95986 mean_fitness=0.95008 recall_maligno=0.95882 candidates=10
2026-05-24T19:23:53 INFO experiment=E1_pop_pequena_mutacao_baixa model=logistic_regression generation=2 best_fitness=0.95986 mean_fitness=0.95512 recall_maligno=0.95882 candidates=10
2026-05-24T19:23:53 INFO experiment=E1_pop_pequena_mutacao_baixa model=logistic_regression generation=3 best_fitness=0.95986 mean_fitness=0.95441 recall_maligno=0.95882 candidates=10
2026-05-24T19:23:53 INFO experiment=E1_pop_pequena_mutacao_baixa model=logistic_regression generation=4 best_fitness=0.95986 mean_fitness=0.95858 recall_maligno=0.95882 candidates=10
2026-05-24T19:23:53 INFO experiment=E1_pop_pequena_mutacao_baixa model=logistic_regression generation=5 best_fitness=0.96173 mean_fitness=0.96010 recall_maligno=0.95882 candidates=11
2026-05-24T19:23:53 INFO experiment=E1_pop_pequena_mutacao_baixa model=logistic_regression generation=6 best_fitness=0.96862 mean_fitness=0.96213 recall_maligno=0.97059 candidates=12
2026-05-24T19:23:53 INFO experiment=E1_pop_pequena_mutacao_baixa model=knn generation=0 best_fitness=0.95303 mean_fitness=0.93430 recall_maligno=0.94706 candidates=7
2026-05-24T19:23:53 INFO experiment=E1_pop_pequena_mutacao_baixa model=knn generation=1 best_fitness=0.95303 mean_fitness=0.94539 recall_maligno=0.94706 candidates=11
2026-05-24T19:23:53 INFO experiment=E1_pop_pequena_mutacao_baixa model=knn generation=2 best_fitness=0.95303 mean_fitness=0.95234 recall_maligno=0.94706 candidates=11
2026-05-24T19:23:53 INFO experiment=E1_pop_pequena_mutacao_baixa model=knn generation=3 best_fitness=0.95303 mean_fitness=0.94697 recall_maligno=0.94706 candidates=12
2026-05-24T19:23:53 INFO experiment=E1_pop_pequena_mutacao_baixa model=knn generation=4 best_fitness=0.95303 mean_fitness=0.95110 recall_maligno=0.94706 candidates=12
2026-05-24T19:23:53 INFO experiment=E1_pop_pequena_mutacao_baixa model=knn generation=5 best_fitness=0.95303 mean_fitness=0.95110 recall_maligno=0.94706 candidates=13
2026-05-24T19:23:53 INFO experiment=E1_pop_pequena_mutacao_baixa model=knn generation=6 best_fitness=0.95303 mean_fitness=0.95303 recall_maligno=0.94706 candidates=13
2026-05-24T19:23:54 INFO experiment=E1_pop_pequena_mutacao_baixa model=decision_tree generation=0 best_fitness=0.92093 mean_fitness=0.90952 recall_maligno=0.92353 candidates=8
2026-05-24T19:23:54 INFO experiment=E1_pop_pequena_mutacao_baixa model=decision_tree generation=1 best_fitness=0.92093 mean_fitness=0.91441 recall_maligno=0.92353 candidates=9
2026-05-24T19:23:54 INFO experiment=E1_pop_pequena_mutacao_baixa model=decision_tree generation=2 best_fitness=0.92093 mean_fitness=0.91921 recall_maligno=0.92353 candidates=10
2026-05-24T19:23:54 INFO experiment=E1_pop_pequena_mutacao_baixa model=decision_tree generation=3 best_fitness=0.92093 mean_fitness=0.91812 recall_maligno=0.92353 candidates=14
2026-05-24T19:23:54 INFO experiment=E1_pop_pequena_mutacao_baixa model=decision_tree generation=4 best_fitness=0.92093 mean_fitness=0.92069 recall_maligno=0.92353 candidates=16
2026-05-24T19:23:54 INFO experiment=E1_pop_pequena_mutacao_baixa model=decision_tree generation=5 best_fitness=0.92093 mean_fitness=0.92093 recall_maligno=0.92353 candidates=17
2026-05-24T19:23:54 INFO experiment=E1_pop_pequena_mutacao_baixa model=decision_tree generation=6 best_fitness=0.92093 mean_fitness=0.91778 recall_maligno=0.92353 candidates=19
2026-05-24T19:23:54 INFO experiment=E2_balanceado model=logistic_regression generation=0 best_fitness=0.97227 mean_fitness=0.95276 recall_maligno=0.97059 candidates=10
2026-05-24T19:23:54 INFO experiment=E2_balanceado model=logistic_regression generation=1 best_fitness=0.97227 mean_fitness=0.95281 recall_maligno=0.97059 candidates=12
2026-05-24T19:23:54 INFO experiment=E2_balanceado model=logistic_regression generation=2 best_fitness=0.97227 mean_fitness=0.96714 recall_maligno=0.97059 candidates=12
2026-05-24T19:23:54 INFO experiment=E2_balanceado model=logistic_regression generation=3 best_fitness=0.97227 mean_fitness=0.97227 recall_maligno=0.97059 candidates=12
2026-05-24T19:23:54 INFO experiment=E2_balanceado model=logistic_regression generation=4 best_fitness=0.97227 mean_fitness=0.97227 recall_maligno=0.97059 candidates=12
2026-05-24T19:23:54 INFO experiment=E2_balanceado model=logistic_regression generation=5 best_fitness=0.97526 mean_fitness=0.96710 recall_maligno=0.97647 candidates=14
2026-05-24T19:23:55 INFO experiment=E2_balanceado model=logistic_regression generation=6 best_fitness=0.97526 mean_fitness=0.96671 recall_maligno=0.97647 candidates=16
2026-05-24T19:23:55 INFO experiment=E2_balanceado model=logistic_regression generation=7 best_fitness=0.97526 mean_fitness=0.96889 recall_maligno=0.97647 candidates=16
2026-05-24T19:23:55 INFO experiment=E2_balanceado model=logistic_regression generation=8 best_fitness=0.97526 mean_fitness=0.96890 recall_maligno=0.97647 candidates=16
2026-05-24T19:23:55 INFO experiment=E2_balanceado model=knn generation=0 best_fitness=0.95303 mean_fitness=0.92196 recall_maligno=0.94706 candidates=10
2026-05-24T19:23:55 INFO experiment=E2_balanceado model=knn generation=1 best_fitness=0.95303 mean_fitness=0.93778 recall_maligno=0.94706 candidates=12
2026-05-24T19:23:55 INFO experiment=E2_balanceado model=knn generation=2 best_fitness=0.95303 mean_fitness=0.94550 recall_maligno=0.94706 candidates=15
2026-05-24T19:23:55 INFO experiment=E2_balanceado model=knn generation=3 best_fitness=0.95303 mean_fitness=0.94940 recall_maligno=0.94706 candidates=16
2026-05-24T19:23:55 INFO experiment=E2_balanceado model=knn generation=4 best_fitness=0.95303 mean_fitness=0.94656 recall_maligno=0.94706 candidates=18
2026-05-24T19:23:55 INFO experiment=E2_balanceado model=knn generation=5 best_fitness=0.95303 mean_fitness=0.94577 recall_maligno=0.94706 candidates=19
2026-05-24T19:23:55 INFO experiment=E2_balanceado model=knn generation=6 best_fitness=0.95303 mean_fitness=0.94745 recall_maligno=0.94706 candidates=19
2026-05-24T19:23:55 INFO experiment=E2_balanceado model=knn generation=7 best_fitness=0.95303 mean_fitness=0.95303 recall_maligno=0.94706 candidates=19
2026-05-24T19:23:55 INFO experiment=E2_balanceado model=knn generation=8 best_fitness=0.95303 mean_fitness=0.94040 recall_maligno=0.94706 candidates=20
2026-05-24T19:23:56 INFO experiment=E2_balanceado model=decision_tree generation=0 best_fitness=0.92283 mean_fitness=0.91477 recall_maligno=0.92353 candidates=11
2026-05-24T19:23:56 INFO experiment=E2_balanceado model=decision_tree generation=1 best_fitness=0.92755 mean_fitness=0.91452 recall_maligno=0.92941 candidates=19
2026-05-24T19:23:56 INFO experiment=E2_balanceado model=decision_tree generation=2 best_fitness=0.92755 mean_fitness=0.91905 recall_maligno=0.92941 candidates=27
2026-05-24T19:23:57 INFO experiment=E2_balanceado model=decision_tree generation=3 best_fitness=0.92755 mean_fitness=0.92020 recall_maligno=0.92941 candidates=34
2026-05-24T19:23:57 INFO experiment=E2_balanceado model=decision_tree generation=4 best_fitness=0.92755 mean_fitness=0.92133 recall_maligno=0.92941 candidates=39
2026-05-24T19:23:57 INFO experiment=E2_balanceado model=decision_tree generation=5 best_fitness=0.92755 mean_fitness=0.92324 recall_maligno=0.92941 candidates=43
2026-05-24T19:23:57 INFO experiment=E2_balanceado model=decision_tree generation=6 best_fitness=0.92755 mean_fitness=0.92377 recall_maligno=0.92941 candidates=45
2026-05-24T19:23:57 INFO experiment=E2_balanceado model=decision_tree generation=7 best_fitness=0.92755 mean_fitness=0.91635 recall_maligno=0.92941 candidates=49
2026-05-24T19:23:57 INFO experiment=E2_balanceado model=decision_tree generation=8 best_fitness=0.92755 mean_fitness=0.92417 recall_maligno=0.92941 candidates=51
2026-05-24T19:23:58 INFO experiment=E3_exploratorio model=logistic_regression generation=0 best_fitness=0.97526 mean_fitness=0.94431 recall_maligno=0.97647 candidates=12
2026-05-24T19:23:58 INFO experiment=E3_exploratorio model=logistic_regression generation=1 best_fitness=0.97526 mean_fitness=0.96588 recall_maligno=0.97647 candidates=14
2026-05-24T19:23:58 INFO experiment=E3_exploratorio model=logistic_regression generation=2 best_fitness=0.97526 mean_fitness=0.95884 recall_maligno=0.97647 candidates=16
2026-05-24T19:23:58 INFO experiment=E3_exploratorio model=logistic_regression generation=3 best_fitness=0.97526 mean_fitness=0.96856 recall_maligno=0.97647 candidates=18
2026-05-24T19:23:58 INFO experiment=E3_exploratorio model=logistic_regression generation=4 best_fitness=0.97526 mean_fitness=0.95503 recall_maligno=0.97647 candidates=20
2026-05-24T19:23:58 INFO experiment=E3_exploratorio model=logistic_regression generation=5 best_fitness=0.97526 mean_fitness=0.97021 recall_maligno=0.97647 candidates=21
2026-05-24T19:23:58 INFO experiment=E3_exploratorio model=logistic_regression generation=6 best_fitness=0.97526 mean_fitness=0.97125 recall_maligno=0.97647 candidates=21
2026-05-24T19:23:58 INFO experiment=E3_exploratorio model=logistic_regression generation=7 best_fitness=0.97526 mean_fitness=0.97010 recall_maligno=0.97647 candidates=21
2026-05-24T19:23:58 INFO experiment=E3_exploratorio model=logistic_regression generation=8 best_fitness=0.97526 mean_fitness=0.96612 recall_maligno=0.97647 candidates=21
2026-05-24T19:23:58 INFO experiment=E3_exploratorio model=logistic_regression generation=9 best_fitness=0.97526 mean_fitness=0.96635 recall_maligno=0.97647 candidates=21
2026-05-24T19:23:58 INFO experiment=E3_exploratorio model=logistic_regression generation=10 best_fitness=0.97526 mean_fitness=0.96640 recall_maligno=0.97647 candidates=21
2026-05-24T19:23:58 INFO experiment=E3_exploratorio model=knn generation=0 best_fitness=0.94753 mean_fitness=0.92721 recall_maligno=0.94706 candidates=13
2026-05-24T19:23:59 INFO experiment=E3_exploratorio model=knn generation=1 best_fitness=0.95303 mean_fitness=0.93657 recall_maligno=0.94706 candidates=18
2026-05-24T19:23:59 INFO experiment=E3_exploratorio model=knn generation=2 best_fitness=0.95303 mean_fitness=0.93405 recall_maligno=0.94706 candidates=23
2026-05-24T19:23:59 INFO experiment=E3_exploratorio model=knn generation=3 best_fitness=0.95303 mean_fitness=0.94094 recall_maligno=0.94706 candidates=27
2026-05-24T19:23:59 INFO experiment=E3_exploratorio model=knn generation=4 best_fitness=0.95303 mean_fitness=0.93915 recall_maligno=0.94706 candidates=31
2026-05-24T19:23:59 INFO experiment=E3_exploratorio model=knn generation=5 best_fitness=0.95303 mean_fitness=0.94321 recall_maligno=0.94706 candidates=33
2026-05-24T19:23:59 INFO experiment=E3_exploratorio model=knn generation=6 best_fitness=0.95303 mean_fitness=0.94084 recall_maligno=0.94706 candidates=34
2026-05-24T19:23:59 INFO experiment=E3_exploratorio model=knn generation=7 best_fitness=0.95303 mean_fitness=0.94277 recall_maligno=0.94706 candidates=34
2026-05-24T19:23:59 INFO experiment=E3_exploratorio model=knn generation=8 best_fitness=0.95303 mean_fitness=0.94425 recall_maligno=0.94706 candidates=34
2026-05-24T19:23:59 INFO experiment=E3_exploratorio model=knn generation=9 best_fitness=0.95303 mean_fitness=0.93843 recall_maligno=0.94706 candidates=36
2026-05-24T19:23:59 INFO experiment=E3_exploratorio model=knn generation=10 best_fitness=0.95303 mean_fitness=0.94877 recall_maligno=0.94706 candidates=36
2026-05-24T19:24:00 INFO experiment=E3_exploratorio model=decision_tree generation=0 best_fitness=0.92396 mean_fitness=0.91107 recall_maligno=0.93529 candidates=16
2026-05-24T19:24:00 INFO experiment=E3_exploratorio model=decision_tree generation=1 best_fitness=0.92396 mean_fitness=0.91210 recall_maligno=0.93529 candidates=28
2026-05-24T19:24:01 INFO experiment=E3_exploratorio model=decision_tree generation=2 best_fitness=0.92396 mean_fitness=0.91498 recall_maligno=0.93529 candidates=39
2026-05-24T19:24:01 INFO experiment=E3_exploratorio model=decision_tree generation=3 best_fitness=0.92570 mean_fitness=0.91582 recall_maligno=0.93529 candidates=49
2026-05-24T19:24:02 INFO experiment=E3_exploratorio model=decision_tree generation=4 best_fitness=0.92570 mean_fitness=0.92074 recall_maligno=0.93529 candidates=55
2026-05-24T19:24:02 INFO experiment=E3_exploratorio model=decision_tree generation=5 best_fitness=0.92570 mean_fitness=0.91808 recall_maligno=0.93529 candidates=65
2026-05-24T19:24:03 INFO experiment=E3_exploratorio model=decision_tree generation=6 best_fitness=0.92570 mean_fitness=0.91711 recall_maligno=0.93529 candidates=77
2026-05-24T19:24:03 INFO experiment=E3_exploratorio model=decision_tree generation=7 best_fitness=0.92570 mean_fitness=0.91866 recall_maligno=0.93529 candidates=85
2026-05-24T19:24:03 INFO experiment=E3_exploratorio model=decision_tree generation=8 best_fitness=0.92570 mean_fitness=0.91916 recall_maligno=0.93529 candidates=90
2026-05-24T19:24:03 INFO experiment=E3_exploratorio model=decision_tree generation=9 best_fitness=0.92570 mean_fitness=0.91888 recall_maligno=0.93529 candidates=96
2026-05-24T19:24:04 INFO experiment=E3_exploratorio model=decision_tree generation=10 best_fitness=0.92588 mean_fitness=0.91584 recall_maligno=0.92941 candidates=102
2026-05-24T19:24:04 INFO best_optimized model=logistic_regression experiment=E2_balanceado fitness=0.97526
2026-05-24T19:24:04 INFO serving_model model=logistic_regression source=baseline_fase_1 artifact=C:\Users\marco\PycharmProjects2\tech-challenge-1\resultados\fase2\modelo_serving.joblib
